<?xml version="1.0" encoding="UTF-8"?>
<testsuite name="LP2.Trabalho_final.controller.CepControllerTeste" tests="5" skipped="0" failures="0" errors="0" timestamp="2024-07-17T00:16:49" hostname="PC104-08" time="1.052">
  <properties/>
  <testcase name="testaAdicao()" classname="LP2.Trabalho_final.controller.CepControllerTeste" time="0.453"/>
  <testcase name="testaRemover()" classname="LP2.Trabalho_final.controller.CepControllerTeste" time="0.094"/>
  <testcase name="testaBuscaPorUF()" classname="LP2.Trabalho_final.controller.CepControllerTeste" time="0.038"/>
  <testcase name="testaBuscaPorCidade()" classname="LP2.Trabalho_final.controller.CepControllerTeste" time="0.039"/>
  <testcase name="testaLista()" classname="LP2.Trabalho_final.controller.CepControllerTeste" time="0.211"/>
  <system-out><![CDATA[
  .   ____          _            __ _ _
 /\\ / ___'_ __ _ _(_)_ __  __ _ \ \ \ \
( ( )\___ | '_ | '_| | '_ \/ _` | \ \ \ \
 \\/  ___)| |_)| | | | | || (_| |  ) ) ) )
  '  |____| .__|_| |_|_| |_\__, | / / / /
 =========|_|==============|___/=/_/_/_/

 :: Spring Boot ::                (v3.3.1)

2024-07-16T21:16:46.370-03:00  INFO 2192 --- [    Test worker] L.T.controller.CepControllerTeste        : Starting CepControllerTeste using Java 17.0.9 with PID 2192 (started by Tecnico - TI in C:\Users\Tecnico - TI\Documents\Davi\Trabalho_final)
2024-07-16T21:16:46.374-03:00  INFO 2192 --- [    Test worker] L.T.controller.CepControllerTeste        : The following 1 profile is active: "test"
2024-07-16T21:16:47.280-03:00  INFO 2192 --- [    Test worker] .s.d.r.c.RepositoryConfigurationDelegate : Bootstrapping Spring Data JPA repositories in DEFAULT mode.
2024-07-16T21:16:47.350-03:00  INFO 2192 --- [    Test worker] .s.d.r.c.RepositoryConfigurationDelegate : Finished Spring Data repository scanning in 69 ms. Found 3 JPA repository interfaces.
2024-07-16T21:16:48.213-03:00  INFO 2192 --- [    Test worker] com.zaxxer.hikari.HikariDataSource       : HikariPool-3 - Starting...
2024-07-16T21:16:48.221-03:00  INFO 2192 --- [    Test worker] com.zaxxer.hikari.pool.HikariPool        : HikariPool-3 - Added connection conn20: url=jdbc:h2:mem:4bba3905-a273-40b3-bc17-4fe9f4d82ac4 user=SA
2024-07-16T21:16:48.224-03:00  INFO 2192 --- [    Test worker] com.zaxxer.hikari.HikariDataSource       : HikariPool-3 - Start completed.
2024-07-16T21:16:48.232-03:00  INFO 2192 --- [    Test worker] o.hibernate.jpa.internal.util.LogHelper  : HHH000204: Processing PersistenceUnitInfo [name: default]
2024-07-16T21:16:48.248-03:00  INFO 2192 --- [    Test worker] o.h.c.internal.RegionFactoryInitiator    : HHH000026: Second-level cache disabled
2024-07-16T21:16:48.321-03:00  INFO 2192 --- [    Test worker] o.s.o.j.p.SpringPersistenceUnitInfo      : No LoadTimeWeaver setup: ignoring JPA class transformer
2024-07-16T21:16:48.333-03:00  WARN 2192 --- [    Test worker] org.hibernate.dialect.Dialect            : HHH000511: The 2.1.212 version for [org.hibernate.dialect.H2Dialect] is no longer supported, hence certain features may not work properly. The minimum supported version is 2.1.214. Check the community dialects project for available legacy versions.
2024-07-16T21:16:48.758-03:00  INFO 2192 --- [    Test worker] o.h.e.t.j.p.i.JtaPlatformInitiator       : HHH000489: No JTA platform available (set 'hibernate.transaction.jta.platform' to enable JTA platform integration)
2024-07-16T21:16:48.785-03:00  INFO 2192 --- [    Test worker] j.LocalContainerEntityManagerFactoryBean : Initialized JPA EntityManagerFactory for persistence unit 'default'
2024-07-16T21:16:49.116-03:00  WARN 2192 --- [    Test worker] JpaBaseConfiguration$JpaWebConfiguration : spring.jpa.open-in-view is enabled by default. Therefore, database queries may be performed during view rendering. Explicitly configure spring.jpa.open-in-view to disable this warning
2024-07-16T21:16:49.484-03:00  INFO 2192 --- [    Test worker] o.s.b.t.m.w.SpringBootMockServletContext : Initializing Spring TestDispatcherServlet ''
2024-07-16T21:16:49.484-03:00  INFO 2192 --- [    Test worker] o.s.t.web.servlet.TestDispatcherServlet  : Initializing Servlet ''
2024-07-16T21:16:49.491-03:00  INFO 2192 --- [    Test worker] o.s.t.web.servlet.TestDispatcherServlet  : Completed initialization in 6 ms
2024-07-16T21:16:49.513-03:00  INFO 2192 --- [    Test worker] L.T.controller.CepControllerTeste        : Started CepControllerTeste in 3.502 seconds (process running for 32.228)
Conteúdo da resposta: {"num_cep":95680807,"cidade":{"id":null,"nome":"Porto Alegre","uf":{"id":null,"sigla":"RS","nome":"Rio Grande do Sul"}},"logradouro":"Rua","num_inicio":1000,"num_fim":1100}
2024-07-16T21:16:49.947-03:00  WARN 2192 --- [    Test worker] .w.s.m.s.DefaultHandlerExceptionResolver : Resolved [org.springframework.web.HttpRequestMethodNotSupportedException: Request method 'GET' is not supported]
2024-07-16T21:16:50.027-03:00  WARN 2192 --- [    Test worker] .w.s.m.s.DefaultHandlerExceptionResolver : Resolved [org.springframework.web.HttpRequestMethodNotSupportedException: Request method 'GET' is not supported]
2024-07-16T21:16:50.265-03:00  WARN 2192 --- [    Test worker] .w.s.m.s.DefaultHandlerExceptionResolver : Resolved [org.springframework.web.HttpRequestMethodNotSupportedException: Request method 'GET' is not supported]
2024-07-16T21:16:50.300-03:00  WARN 2192 --- [    Test worker] .w.s.m.s.DefaultHandlerExceptionResolver : Resolved [org.springframework.web.HttpRequestMethodNotSupportedException: Request method 'GET' is not supported]
2024-07-16T21:16:50.544-03:00  WARN 2192 --- [    Test worker] .w.s.m.s.DefaultHandlerExceptionResolver : Resolved [org.springframework.web.HttpRequestMethodNotSupportedException: Request method 'GET' is not supported]
]]></system-out>
  <system-err><![CDATA[]]></system-err>
</testsuite>
