<?xml version="1.0" encoding="UTF-8"?>
<testsuite name="LP2.Trabalho_final.controller.UfControllerTeste" tests="2" skipped="0" failures="0" errors="0" timestamp="2024-07-17T00:16:53" hostname="PC104-08" time="0.21">
  <properties/>
  <testcase name="testaAdicao()" classname="LP2.Trabalho_final.controller.UfControllerTeste" time="0.171"/>
  <testcase name="testaLista()" classname="LP2.Trabalho_final.controller.UfControllerTeste" time="0.036"/>
  <system-out><![CDATA[
  .   ____          _            __ _ _
 /\\ / ___'_ __ _ _(_)_ __  __ _ \ \ \ \
( ( )\___ | '_ | '_| | '_ \/ _` | \ \ \ \
 \\/  ___)| |_)| | | | | || (_| |  ) ) ) )
  '  |____| .__|_| |_|_| |_\__, | / / / /
 =========|_|==============|___/=/_/_/_/

 :: Spring Boot ::                (v3.3.1)

2024-07-16T21:16:50.827-03:00  INFO 2192 --- [    Test worker] L.T.controller.UfControllerTeste         : Starting UfControllerTeste using Java 17.0.9 with PID 2192 (started by Tecnico - TI in C:\Users\Tecnico - TI\Documents\Davi\Trabalho_final)
2024-07-16T21:16:50.829-03:00  INFO 2192 --- [    Test worker] L.T.controller.UfControllerTeste         : The following 1 profile is active: "test"
2024-07-16T21:16:51.544-03:00  INFO 2192 --- [    Test worker] .s.d.r.c.RepositoryConfigurationDelegate : Bootstrapping Spring Data JPA repositories in DEFAULT mode.
2024-07-16T21:16:51.604-03:00  INFO 2192 --- [    Test worker] .s.d.r.c.RepositoryConfigurationDelegate : Finished Spring Data repository scanning in 57 ms. Found 3 JPA repository interfaces.
2024-07-16T21:16:52.246-03:00  INFO 2192 --- [    Test worker] com.zaxxer.hikari.HikariDataSource       : HikariPool-4 - Starting...
2024-07-16T21:16:52.253-03:00  INFO 2192 --- [    Test worker] com.zaxxer.hikari.pool.HikariPool        : HikariPool-4 - Added connection conn30: url=jdbc:h2:mem:3d417bac-496e-461e-9a25-7e3ff46efcf6 user=SA
2024-07-16T21:16:52.256-03:00  INFO 2192 --- [    Test worker] com.zaxxer.hikari.HikariDataSource       : HikariPool-4 - Start completed.
2024-07-16T21:16:52.260-03:00  INFO 2192 --- [    Test worker] o.hibernate.jpa.internal.util.LogHelper  : HHH000204: Processing PersistenceUnitInfo [name: default]
2024-07-16T21:16:52.294-03:00  INFO 2192 --- [    Test worker] o.h.c.internal.RegionFactoryInitiator    : HHH000026: Second-level cache disabled
2024-07-16T21:16:52.336-03:00  INFO 2192 --- [    Test worker] o.s.o.j.p.SpringPersistenceUnitInfo      : No LoadTimeWeaver setup: ignoring JPA class transformer
2024-07-16T21:16:52.346-03:00  WARN 2192 --- [    Test worker] org.hibernate.dialect.Dialect            : HHH000511: The 2.1.212 version for [org.hibernate.dialect.H2Dialect] is no longer supported, hence certain features may not work properly. The minimum supported version is 2.1.214. Check the community dialects project for available legacy versions.
2024-07-16T21:16:52.613-03:00  INFO 2192 --- [    Test worker] o.h.e.t.j.p.i.JtaPlatformInitiator       : HHH000489: No JTA platform available (set 'hibernate.transaction.jta.platform' to enable JTA platform integration)
2024-07-16T21:16:52.629-03:00  INFO 2192 --- [    Test worker] j.LocalContainerEntityManagerFactoryBean : Initialized JPA EntityManagerFactory for persistence unit 'default'
2024-07-16T21:16:52.865-03:00  WARN 2192 --- [    Test worker] JpaBaseConfiguration$JpaWebConfiguration : spring.jpa.open-in-view is enabled by default. Therefore, database queries may be performed during view rendering. Explicitly configure spring.jpa.open-in-view to disable this warning
2024-07-16T21:16:53.087-03:00  INFO 2192 --- [    Test worker] o.s.b.t.m.w.SpringBootMockServletContext : Initializing Spring TestDispatcherServlet ''
2024-07-16T21:16:53.088-03:00  INFO 2192 --- [    Test worker] o.s.t.web.servlet.TestDispatcherServlet  : Initializing Servlet ''
2024-07-16T21:16:53.090-03:00  INFO 2192 --- [    Test worker] o.s.t.web.servlet.TestDispatcherServlet  : Completed initialization in 1 ms
2024-07-16T21:16:53.121-03:00  INFO 2192 --- [    Test worker] L.T.controller.UfControllerTeste         : Started UfControllerTeste in 2.49 seconds (process running for 35.837)
Conteúdo da resposta: {"id":null,"sigla":"RS","nome":"Rio Grande do Sul"}
]]></system-out>
  <system-err><![CDATA[]]></system-err>
</testsuite>
